<?xml version="1.0" encoding="UTF-8"?>
<!-- Generated by org.testng.reporters.JUnitXMLReporter -->
<testsuite hostname="khosruzs-MBP.lan" ignored="1" name="Default test" tests="1" failures="0" timestamp="2021-12-28T22:47:51 EST" time="0.057" errors="0">
  <testcase name="insertNewUserDetailsTest" time="0.0" classname="com.tests.RegistrationPageTest">
    <skipped/>
  </testcase> <!-- insertNewUserDetailsTest -->
  <testcase name="validatPageTitleTest" time="0.0" classname="com.tests.RegistrationPageTest">
    <ignored/>
  </testcase> <!-- validatPageTitleTest -->
</testsuite> <!-- Default test -->
