<?xml version="1.0" encoding="UTF-8"?>
<!-- Generated by org.testng.reporters.JUnitXMLReporter -->
<testsuite hostname="khosruzs-MBP.lan" ignored="2" name="Default test" tests="1" failures="0" timestamp="2021-12-29T20:21:41 EST" time="9.23" errors="0">
  <testcase name="validateUserNameTest" time="2.954" classname="com.tests.LoginPageTest"/>
  <testcase name="validatLoginPageTitleTest" time="0.0" classname="com.tests.LoginPageTest">
    <ignored/>
  </testcase> <!-- validatLoginPageTitleTest -->
  <testcase name="loginTest" time="0.0" classname="com.tests.LoginPageTest">
    <ignored/>
  </testcase> <!-- loginTest -->
</testsuite> <!-- Default test -->
