<?xml version="1.0" encoding="UTF-8"?>
<!-- Generated by org.testng.reporters.JUnitXMLReporter -->
<testsuite hostname="khosruzs-MBP.lan" ignored="0" name="Test" tests="3" failures="0" timestamp="2021-12-29T21:51:09 EST" time="27.541" errors="0">
  <testcase name="validatLoginPageTitleTest" time="0.695" classname="com.tests.LoginPageTest"/>
  <testcase name="loginTest" time="0.76" classname="com.tests.LoginPageTest"/>
  <testcase name="validateUserNameTest" time="2.757" classname="com.tests.LoginPageTest"/>
</testsuite> <!-- Test -->
