<?xml version="1.0" encoding="UTF-8"?>
<!-- Generated by org.testng.reporters.JUnitXMLReporter -->
<testsuite hostname="khosruzs-MBP.lan" ignored="0" name="Test" tests="2" failures="0" timestamp="2021-12-28T14:33:32 EST" time="0.129" errors="0">
  <testcase name="@BeforeMethod setUp" time="0.045" classname="com.tests.LoginPageTest">
    <failure type="java.lang.NullPointerException">
      <![CDATA[java.lang.NullPointerException
at com.TestBase.TestBase.initialization(TestBase.java:36)
at com.tests.LoginPageTest.setUp(LoginPageTest.java:25)
at java.util.ArrayList.forEach(ArrayList.java:1259)
... Removed 31 stack frames]]>
    </failure>
  </testcase> <!-- @BeforeMethod setUp -->
  <testcase name="@AfterMethod tearDown" time="-1.640720012497E9" classname="com.tests.LoginPageTest">
    <skipped/>
  </testcase> <!-- @AfterMethod tearDown -->
  <testcase name="@BeforeMethod setUp" time="-1.640720012503E9" classname="com.tests.LoginPageTest">
    <skipped/>
  </testcase> <!-- @BeforeMethod setUp -->
  <testcase name="@AfterMethod tearDown" time="-1.640720012516E9" classname="com.tests.LoginPageTest">
    <skipped/>
  </testcase> <!-- @AfterMethod tearDown -->
  <testcase name="loginTest" time="0.0" classname="com.tests.LoginPageTest">
    <skipped/>
  </testcase> <!-- loginTest -->
  <testcase name="validateUserNameTest" time="0.0" classname="com.tests.LoginPageTest">
    <skipped/>
  </testcase> <!-- validateUserNameTest -->
</testsuite> <!-- Test -->
