<?xml version="1.0" encoding="UTF-8"?>
<!-- Generated by org.testng.reporters.JUnitXMLReporter -->
<testsuite hostname="khosruzs-MBP.lan" ignored="0" name="Test" tests="4" failures="0" timestamp="2021-12-30T19:34:27 EST" time="22.255" errors="0">
  <testcase name="HomePageTitle" time="0.055" classname="com.tests.HomePageTest"/>
  <testcase name="validateLoginSourceButtonTest" time="0.196" classname="com.tests.HomePageTest"/>
  <testcase name="validateAboutUsLinkTest" time="1.421" classname="com.tests.HomePageTest"/>
  <testcase name="verifyCurrencyListTest" time="0.425" classname="com.tests.HomePageTest"/>
</testsuite> <!-- Test -->
