<?xml version="1.0" encoding="UTF-8"?>
<!-- Generated by org.testng.reporters.JUnitXMLReporter -->
<testsuite hostname="khosruzs-MBP.lan" ignored="0" name="Test" tests="13" failures="0" timestamp="2021-12-30T19:14:13 EST" time="101.483" errors="0">
  <testcase name="validatLoginPageTitleTest" time="0.78" classname="com.tests.LoginPageTest"/>
  <testcase name="loginTest" time="0.708" classname="com.tests.LoginPageTest"/>
  <testcase name="validateUserNameTest" time="2.803" classname="com.tests.LoginPageTest"/>
  <testcase name="HomePageTitle" time="0.017" classname="com.tests.HomePageTest"/>
  <testcase name="validateLoginSourceButtonTest" time="0.152" classname="com.tests.HomePageTest"/>
  <testcase name="validateAboutUsLinkTest" time="1.355" classname="com.tests.HomePageTest"/>
  <testcase name="verifyCurrencyListTest" time="0.241" classname="com.tests.HomePageTest"/>
  <testcase name="insertNewUserDetailsTest" time="7.057" classname="com.tests.RegistrationPageTest"/>
  <testcase name="insertNewUserDetailsTest" time="7.191" classname="com.tests.RegistrationPageTest"/>
  <testcase name="insertNewUserDetailsTest" time="7.141" classname="com.tests.RegistrationPageTest"/>
  <testcase name="insertNewUserDetailsTest" time="6.983" classname="com.tests.RegistrationPageTest"/>
  <testcase name="insertNewUserDetailsTest" time="6.89" classname="com.tests.RegistrationPageTest"/>
  <testcase name="validatPageTitleTest" time="0.729" classname="com.tests.RegistrationPageTest"/>
</testsuite> <!-- Test -->
