<?xml version="1.0" encoding="UTF-8"?>
<!-- Generated by org.testng.reporters.JUnitXMLReporter -->
<testsuite hostname="khosruzs-MBP.lan" ignored="0" name="Test" tests="9" failures="0" timestamp="2021-12-29T20:35:05 EST" time="59.891" errors="0">
  <testcase name="validatLoginPageTitleTest" time="0.867" classname="com.tests.LoginPageTest"/>
  <testcase name="loginTest" time="0.745" classname="com.tests.LoginPageTest"/>
  <testcase name="validateUserNameTest" time="3.052" classname="com.tests.LoginPageTest"/>
  <testcase name="HomePageTitle" time="0.032" classname="com.tests.HomePageTest"/>
  <testcase name="validateLoginSourceButtonTest" time="0.198" classname="com.tests.HomePageTest"/>
  <testcase name="validateAboutUsLinkTest" time="0.9" classname="com.tests.HomePageTest"/>
  <testcase name="verifyCurrencyListTest" time="0.575" classname="com.tests.HomePageTest"/>
  <testcase name="insertNewUserDetailsTest" time="7.671" classname="com.tests.RegistrationPageTest"/>
  <testcase name="validatPageTitleTest" time="0.761" classname="com.tests.RegistrationPageTest"/>
</testsuite> <!-- Test -->
