<?xml version="1.0" encoding="UTF-8"?>
<!-- Generated by org.testng.reporters.JUnitXMLReporter -->
<testsuite hostname="khosruzs-MBP.lan" ignored="0" name="Test" tests="3" failures="0" timestamp="2021-12-30T21:40:46 EST" time="19.667" errors="0">
  <testcase name="validatLoginPageTitleTest" time="0.811" classname="com.tests.LoginPageTest"/>
  <testcase name="loginTest" time="0.722" classname="com.tests.LoginPageTest"/>
  <testcase name="validateUserNameTest" time="2.934" classname="com.tests.LoginPageTest"/>
</testsuite> <!-- Test -->
