<?xml version="1.0" encoding="UTF-8"?>
<!-- Generated by org.testng.reporters.JUnitXMLReporter -->
<testsuite hostname="khosruzs-MBP.lan" ignored="0" name="Test" tests="13" failures="0" timestamp="2021-12-30T21:59:03 EST" time="106.691" errors="0">
  <testcase name="validatLoginPageTitleTest" time="0.859" classname="com.tests.LoginPageTest"/>
  <testcase name="loginTest" time="0.79" classname="com.tests.LoginPageTest"/>
  <testcase name="validateUserNameTest" time="2.946" classname="com.tests.LoginPageTest"/>
  <testcase name="HomePageTitle" time="0.017" classname="com.tests.HomePageTest"/>
  <testcase name="validateLoginSourceButtonTest" time="0.183" classname="com.tests.HomePageTest"/>
  <testcase name="validateAboutUsLinkTest" time="1.419" classname="com.tests.HomePageTest"/>
  <testcase name="verifyCurrencyListTest" time="0.505" classname="com.tests.HomePageTest"/>
  <testcase name="insertNewUserDetailsTest" time="7.342" classname="com.tests.RegistrationPageTest"/>
  <testcase name="insertNewUserDetailsTest" time="7.213" classname="com.tests.RegistrationPageTest"/>
  <testcase name="insertNewUserDetailsTest" time="7.094" classname="com.tests.RegistrationPageTest"/>
  <testcase name="insertNewUserDetailsTest" time="7.085" classname="com.tests.RegistrationPageTest"/>
  <testcase name="insertNewUserDetailsTest" time="7.002" classname="com.tests.RegistrationPageTest"/>
  <testcase name="validatPageTitleTest" time="1.039" classname="com.tests.RegistrationPageTest"/>
</testsuite> <!-- Test -->
